#
# There is insufficient memory for the Java Runtime Environment to continue.
# Native memory allocation (malloc) failed to allocate 1184176 bytes for Chunk::new
# Possible reasons:
#   The system is out of physical RAM or swap space
#   In 32 bit mode, the process size limit was hit
# Possible solutions:
#   Reduce memory load on the system
#   Increase physical memory or swap space
#   Check if swap backing store is full
#   Use 64 bit Java on a 64 bit OS
#   Decrease Java heap size (-Xmx/-Xms)
#   Decrease number of Java threads
#   Decrease Java thread stack sizes (-Xss)
#   Set larger code cache with -XX:ReservedCodeCacheSize=
# This output file may be truncated or incomplete.
#
#  Out of Memory Error (allocation.cpp:390), pid=3480, tid=7368
#
# JRE version: Java(TM) SE Runtime Environment (8.0_51-b16) (build 1.8.0_51-b16)
# Java VM: Java HotSpot(TM) 64-Bit Server VM (25.51-b03 mixed mode windows-amd64 compressed oops)
# Failed to write core dump. Minidumps are not enabled by default on client versions of Windows
#

---------------  T H R E A D  ---------------

Current thread (0x00000000549fe000):  JavaThread "C2 CompilerThread0" daemon [_thread_in_native, id=7368, stack(0x00000000559d0000,0x0000000055ad0000)]

Stack: [0x00000000559d0000,0x0000000055ad0000]
Native frames: (J=compiled Java code, j=interpreted, Vv=VM code, C=native code)
V  [jvm.dll+0x32b4ca]
V  [jvm.dll+0x2797e3]
V  [jvm.dll+0x27a479]
V  [jvm.dll+0x271765]
V  [jvm.dll+0xcba02]
V  [jvm.dll+0xcbecc]
V  [jvm.dll+0x476f72]
V  [jvm.dll+0x4b95ff]
V  [jvm.dll+0x46c011]
V  [jvm.dll+0x46cd4e]
V  [jvm.dll+0x4501a2]
V  [jvm.dll+0xa43a2]
V  [jvm.dll+0xa4cdf]
V  [jvm.dll+0x2418a4]
V  [jvm.dll+0x29846a]
C  [msvcr100.dll+0x21d9f]
C  [msvcr100.dll+0x21e3b]
C  [kernel32.dll+0x159ed]
C  [ntdll.dll+0x2c541]


Current CompileTask:
C2:   4213 1099       4       com.android.dx.dex.code.OutputFinisher::addConstants (93 bytes)


---------------  P R O C E S S  ---------------

Java Threads: ( => current thread )
  0x0000000001d0e000 JavaThread "DestroyJavaVM" [_thread_blocked, id=3352, stack(0x0000000002090000,0x0000000002190000)]
  0x0000000054a5e000 JavaThread "Service Thread" daemon [_thread_blocked, id=6748, stack(0x00000000562a0000,0x00000000563a0000)]
  0x0000000054a03800 JavaThread "C1 CompilerThread1" daemon [_thread_blocked, id=3484, stack(0x0000000055bf0000,0x0000000055cf0000)]
=>0x00000000549fe000 JavaThread "C2 CompilerThread0" daemon [_thread_in_native, id=7368, stack(0x00000000559d0000,0x0000000055ad0000)]
  0x00000000549fc800 JavaThread "Attach Listener" daemon [_thread_blocked, id=7476, stack(0x00000000558b0000,0x00000000559b0000)]
  0x00000000549fb800 JavaThread "Signal Dispatcher" daemon [_thread_blocked, id=7636, stack(0x00000000552e0000,0x00000000553e0000)]
  0x0000000054998000 JavaThread "Finalizer" daemon [_thread_blocked, id=1156, stack(0x00000000556d0000,0x00000000557d0000)]
  0x0000000054994800 JavaThread "Reference Handler" daemon [_thread_blocked, id=3492, stack(0x00000000555c0000,0x00000000556c0000)]

Other Threads:
  0x000000005498e800 VMThread [stack: 0x0000000055420000,0x0000000055520000] [id=3748]
  0x0000000054a5f000 WatcherThread [stack: 0x0000000055af0000,0x0000000055bf0000] [id=3124]

VM state:not at safepoint (normal execution)

VM Mutex/Monitor currently owned by a thread: None

Heap:
 PSYoungGen      total 18944K, used 6802K [0x00000000eab00000, 0x00000000ed000000, 0x0000000100000000)
  eden space 16384K, 25% used [0x00000000eab00000,0x00000000eaf28aa8,0x00000000ebb00000)
  from space 2560K, 99% used [0x00000000ebb00000,0x00000000ebd7c028,0x00000000ebd80000)
  to   space 2560K, 0% used [0x00000000ecd80000,0x00000000ecd80000,0x00000000ed000000)
 ParOldGen       total 44032K, used 1542K [0x00000000c0000000, 0x00000000c2b00000, 0x00000000eab00000)
  object space 44032K, 3% used [0x00000000c0000000,0x00000000c0181808,0x00000000c2b00000)
 Metaspace       used 6063K, capacity 7024K, committed 7296K, reserved 1056768K
  class space    used 609K, capacity 616K, committed 640K, reserved 1048576K

Card table byte_map: [0x0000000011820000,0x0000000011a30000] byte_map_base: 0x0000000011220000

Marking Bits: (ParMarkBitMap*) 0x0000000065274040
 Begin Bits: [0x0000000011e60000, 0x0000000012e60000)
 End Bits:   [0x0000000012e60000, 0x0000000013e60000)

Polling page: 0x0000000000310000

CodeCache: size=245760Kb used=4436Kb max_used=4436Kb free=241323Kb
 bounds [0x0000000002460000, 0x00000000028c0000, 0x0000000011460000]
 total_blobs=1514 nmethods=1242 adapters=186
 compilation: enabled

Compilation events (10 events):
Event: 3.605 Thread 0x0000000054a03800 1171       1       com.android.dx.dex.code.form.Form11x::codeSize (2 bytes)
Event: 3.606 Thread 0x0000000054a03800 nmethod 1171 0x0000000002893b90 code [0x0000000002893ce0, 0x0000000002893df0]
Event: 3.608 Thread 0x0000000054a03800 1172       3       com.android.dx.dex.code.form.Form35c::isCompatible (72 bytes)
Event: 3.609 Thread 0x0000000054a03800 nmethod 1172 0x0000000002893e50 code [0x0000000002894000, 0x0000000002894938]
Event: 3.609 Thread 0x0000000054a03800 1173       3       com.android.dx.dex.code.PositionList$Entry::<init> (43 bytes)
Event: 3.610 Thread 0x0000000054a03800 nmethod 1173 0x0000000002894a90 code [0x0000000002894c20, 0x0000000002894fd8]
Event: 3.610 Thread 0x0000000054a03800 1174       3       com.android.dx.dex.code.PositionList::set (7 bytes)
Event: 3.611 Thread 0x0000000054a03800 nmethod 1174 0x0000000002895150 code [0x0000000002895320, 0x0000000002895ae8]
Event: 3.612 Thread 0x0000000054a03800 1175       1       com.android.dx.dex.code.form.Form21c::codeSize (2 bytes)
Event: 3.612 Thread 0x0000000054a03800 nmethod 1175 0x0000000002896090 code [0x00000000028961e0, 0x00000000028962f0]

GC Heap History (2 events):
Event: 2.151 GC heap before
{Heap before GC invocations=1 (full 0):
 PSYoungGen      total 18944K, used 16384K [0x00000000eab00000, 0x00000000ec000000, 0x0000000100000000)
  eden space 16384K, 100% used [0x00000000eab00000,0x00000000ebb00000,0x00000000ebb00000)
  from space 2560K, 0% used [0x00000000ebd80000,0x00000000ebd80000,0x00000000ec000000)
  to   space 2560K, 0% used [0x00000000ebb00000,0x00000000ebb00000,0x00000000ebd80000)
 ParOldGen       total 44032K, used 0K [0x00000000c0000000, 0x00000000c2b00000, 0x00000000eab00000)
  object space 44032K, 0% used [0x00000000c0000000,0x00000000c0000000,0x00000000c2b00000)
 Metaspace       used 5408K, capacity 6768K, committed 7040K, reserved 1056768K
  class space    used 549K, capacity 616K, committed 640K, reserved 1048576K
Event: 2.494 GC heap after
Heap after GC invocations=1 (full 0):
 PSYoungGen      total 18944K, used 2544K [0x00000000eab00000, 0x00000000ed000000, 0x0000000100000000)
  eden space 16384K, 0% used [0x00000000eab00000,0x00000000eab00000,0x00000000ebb00000)
  from space 2560K, 99% used [0x00000000ebb00000,0x00000000ebd7c028,0x00000000ebd80000)
  to   space 2560K, 0% used [0x00000000ecd80000,0x00000000ecd80000,0x00000000ed000000)
 ParOldGen       total 44032K, used 1542K [0x00000000c0000000, 0x00000000c2b00000, 0x00000000eab00000)
  object space 44032K, 3% used [0x00000000c0000000,0x00000000c0181808,0x00000000c2b00000)
 Metaspace       used 5408K, capacity 6768K, committed 7040K, reserved 1056768K
  class space    used 549K, capacity 616K, committed 640K, reserved 1048576K
}

Deoptimization events (10 events):
Event: 1.937 Thread 0x0000000001d0e000 Uncommon trap: reason=bimorphic action=maybe_recompile pc=0x000000000274c1d8 method=java.util.HashMap.getNode(ILjava/lang/Object;)Ljava/util/HashMap$Node; @ 126
Event: 1.948 Thread 0x0000000001d0e000 Uncommon trap: reason=class_check action=maybe_recompile pc=0x00000000026da5e0 method=com.android.dx.ssa.NormalSsaInsn.accept(Lcom/android/dx/ssa/SsaInsn$Visitor;)V @ 9
Event: 1.948 Thread 0x0000000001d0e000 Uncommon trap: reason=class_check action=maybe_recompile pc=0x00000000026da5e0 method=com.android.dx.ssa.NormalSsaInsn.accept(Lcom/android/dx/ssa/SsaInsn$Visitor;)V @ 9
Event: 1.948 Thread 0x0000000001d0e000 Uncommon trap: reason=class_check action=maybe_recompile pc=0x00000000026da5e0 method=com.android.dx.ssa.NormalSsaInsn.accept(Lcom/android/dx/ssa/SsaInsn$Visitor;)V @ 9
Event: 1.966 Thread 0x0000000001d0e000 Uncommon trap: reason=class_check action=maybe_recompile pc=0x00000000026da5e0 method=com.android.dx.ssa.NormalSsaInsn.accept(Lcom/android/dx/ssa/SsaInsn$Visitor;)V @ 9
Event: 2.074 Thread 0x0000000001d0e000 Uncommon trap: reason=unstable_if action=reinterpret pc=0x00000000026f87e0 method=java.util.BitSet.ensureCapacity(I)V @ 6
Event: 3.414 Thread 0x0000000001d0e000 Uncommon trap: reason=unstable_if action=reinterpret pc=0x00000000025e137c method=java.lang.String.replace(CC)Ljava/lang/String; @ 26
Event: 3.444 Thread 0x0000000001d0e000 Uncommon trap: reason=bimorphic action=maybe_recompile pc=0x000000000274c1d8 method=java.util.HashMap.getNode(ILjava/lang/Object;)Ljava/util/HashMap$Node; @ 126
Event: 3.516 Thread 0x0000000001d0e000 Uncommon trap: reason=bimorphic action=maybe_recompile pc=0x000000000274c1d8 method=java.util.HashMap.getNode(ILjava/lang/Object;)Ljava/util/HashMap$Node; @ 126
Event: 3.516 Thread 0x0000000001d0e000 Uncommon trap: reason=bimorphic action=maybe_recompile pc=0x000000000274c1d8 method=java.util.HashMap.getNode(ILjava/lang/Object;)Ljava/util/HashMap$Node; @ 126

Internal exceptions (2 events):
Event: 0.079 Thread 0x0000000001d0e000 Exception <a 'java/lang/NoSuchMethodError': Method sun.misc.Unsafe.defineClass(Ljava/lang/String;[BII)Ljava/lang/Class; name or signature does not match> (0x00000000eab12ef8) thrown at [C:\re\workspace\8-2-build-windows-amd64-cygwin\jdk8u51\3951\hotspot\srNÌ¨ªI´?
Event: 0.079 Thread 0x0000000001d0e000 Exception <a 'java/lang/NoSuchMethodError': Method sun.misc.Unsafe.prefetchRead(Ljava/lang/Object;J)V name or signature does not match> (0x00000000eab13188) thrown at [C:\re\workspace\8-2-build-windows-amd64-cygwin\jdk8u51\3951\hotspot\src\share\vm\prims\j

Events (10 events):
Event: 3.543 loading class com/android/dx/dex/code/LocalList$Entry
Event: 3.543 loading class com/android/dx/dex/code/LocalList$Entry done
Event: 3.557 loading class com/android/dx/dex/code/CatchHandlerList$Entry
Event: 3.557 loading class com/android/dx/dex/code/CatchHandlerList$Entry done
Event: 3.558 loading class com/android/dx/dex/code/CatchTable$Entry
Event: 3.558 loading class com/android/dx/dex/code/CatchTable$Entry done
Event: 3.559 loading class com/android/dx/util/ByteArrayAnnotatedOutput
Event: 3.559 loading class com/android/dx/util/ByteArrayAnnotatedOutput done
Event: 3.613 loading class com/android/dx/rop/code/RegisterSpecList$Expander
Event: 3.613 loading class com/android/dx/rop/code/RegisterSpecList$Expander done


Dynamic libraries:
0x000000013f5d0000 - 0x000000013f607000 	C:\Program Files\Java\jdk1.8.0_51\bin\java.exe
0x0000000077570000 - 0x0000000077719000 	C:\Windows\SYSTEM32\ntdll.dll
0x0000000076f80000 - 0x000000007709f000 	C:\Windows\system32\kernel32.dll
0x000007fefd5c0000 - 0x000007fefd62c000 	C:\Windows\system32\KERNELBASE.dll
0x000007fefdfe0000 - 0x000007fefe0bb000 	C:\Windows\system32\ADVAPI32.dll
0x000007fefe520000 - 0x000007fefe5bf000 	C:\Windows\system32\msvcrt.dll
0x000007fefded0000 - 0x000007fefdeef000 	C:\Windows\SYSTEM32\sechost.dll
0x000007feff5c0000 - 0x000007feff6ed000 	C:\Windows\system32\RPCRT4.dll
0x00000000770a0000 - 0x000000007719a000 	C:\Windows\system32\USER32.dll
0x000007fefe4b0000 - 0x000007fefe517000 	C:\Windows\system32\GDI32.dll
0x000007fefddf0000 - 0x000007fefddfe000 	C:\Windows\system32\LPK.dll
0x000007fefde00000 - 0x000007fefdec9000 	C:\Windows\system32\USP10.dll
0x000007fefbd00000 - 0x000007fefbef4000 	C:\Windows\WinSxS\amd64_microsoft.windows.common-controls_6595b64144ccf1df_6.0.7601.17514_none_fa396087175ac9ac\COMCTL32.dll
0x000007feff6f0000 - 0x000007feff761000 	C:\Windows\system32\SHLWAPI.dll
0x000007fefe800000 - 0x000007fefe82e000 	C:\Windows\system32\IMM32.DLL
0x000007feff770000 - 0x000007feff879000 	C:\Windows\system32\MSCTF.dll
0x0000000062740000 - 0x0000000062812000 	C:\Program Files\Java\jdk1.8.0_51\jre\bin\msvcr100.dll
0x0000000064a70000 - 0x00000000652f3000 	C:\Program Files\Java\jdk1.8.0_51\jre\bin\server\jvm.dll
0x000007fef9d30000 - 0x000007fef9d39000 	C:\Windows\system32\WSOCK32.dll
0x000007fefdef0000 - 0x000007fefdf3d000 	C:\Windows\system32\WS2_32.dll
0x000007fefe750000 - 0x000007fefe758000 	C:\Windows\system32\NSI.dll
0x000007fefb4b0000 - 0x000007fefb4eb000 	C:\Windows\system32\WINMM.dll
0x000007fefc5d0000 - 0x000007fefc5dc000 	C:\Windows\system32\VERSION.dll
0x0000000077740000 - 0x0000000077747000 	C:\Windows\system32\PSAPI.DLL
0x000000006a7b0000 - 0x000000006a7bf000 	C:\Program Files\Java\jdk1.8.0_51\jre\bin\verify.dll
0x0000000064a40000 - 0x0000000064a69000 	C:\Program Files\Java\jdk1.8.0_51\jre\bin\java.dll
0x0000000064a20000 - 0x0000000064a36000 	C:\Program Files\Java\jdk1.8.0_51\jre\bin\zip.dll
0x000007fefe830000 - 0x000007feff5b9000 	C:\Windows\system32\SHELL32.dll
0x000007fefe0c0000 - 0x000007fefe2c3000 	C:\Windows\system32\ole32.dll
0x000007fefd470000 - 0x000007fefd47f000 	C:\Windows\system32\profapi.dll
0x000007feefdb0000 - 0x000007feefed5000 	C:\Windows\system32\dbghelp.dll

VM Arguments:
jvm_args: -Djava.awt.headless=true -Xmx1024M -Dfile.encoding=windows-1251 -Duser.country=RU -Duser.language=ru -Duser.variant 
java_command: com.android.dx.command.Main --dex --output C:\Users\1\AndroidStudioProjects\JustCapture\app\build\intermediates\pre-dexed\debug\debug_86cf4085aea876be60b92516cfe014dd882785d3.jar C:\Users\1\AndroidStudioProjects\JustCapture\app\build\intermediates\classes\debug
java_class_path (initial): C:\Users\1\AppData\Local\Android\sdk\build-tools\22.0.1\lib\dx.jar
Launcher Type: SUN_STANDARD

Environment Variables:
PATH=C:\ProgramData\Oracle\Java\javapath;C:\Windows\system32;C:\Windows;C:\Windows\System32\Wbem;C:\Windows\System32\WindowsPowerShell\v1.0\;C:\Program Files\7-Zip;C:\Program Files (x86)\Microsoft SQL Server\100\Tools\Binn\;C:\Program Files\Microsoft SQL Server\100\Tools\Binn\;C:\Program Files\Microsoft SQL Server\100\DTS\Binn\;C:\Program Files (x86)\Microsoft SQL Server\100\Tools\Binn\VSShell\Common7\IDE\;C:\Program Files (x86)\Microsoft SQL Server\100\DTS\Binn\;C:\Program Files\Git\cmd;c:\Program Files (x86)\Microsoft SQL Server\110\Tools\Binn\;c:\Program Files\Microsoft SQL Server\110\Tools\Binn\;c:\Program Files\Microsoft SQL Server\110\DTS\Binn\
USERNAME=1
OS=Windows_NT
PROCESSOR_IDENTIFIER=Intel64 Family 6 Model 55 Stepping 8, GenuineIntel



---------------  S Y S T E M  ---------------

OS: Windows 7 , 64 bit Build 7601 (6.1.7601.18409)

CPU:total 2 (2 cores per cpu, 1 threads per core) family 6 model 55 stepping 8, cmov, cx8, fxsr, mmx, sse, sse2, sse3, ssse3, sse4.1, sse4.2, popcnt, clmul, erms, 3dnowpref, tsc, tscinvbit

Memory: 4k page, physical 4078212k(704748k free), swap 7222084k(16952k free)

vm_info: Java HotSpot(TM) 64-Bit Server VM (25.51-b03) for windows-amd64 JRE (1.8.0_51-b16), built on Jun  8 2015 18:03:07 by "java_re" with MS VC++ 10.0 (VS2010)

time: Mon May 02 13:14:46 2016
elapsed time: 4 seconds (0d 0h 0m 4s)

